<?xml version="1.0" encoding="UTF-8"?>
<!-- Generated by org.testng.reporters.JUnitReportReporter -->
<testsuite hostname="DESKTOP-SKQU5MH" failures="0" tests="3" name="com.qa.TestCases.LoginPageTest" time="37.696" errors="0" timestamp="2020-07-17T19:49:59 IST" skipped="0">
  <testcase classname="com.qa.TestCases.LoginPageTest" name="loginPageTitleTest" time="12.302"/>
  <system-out/>
  <testcase classname="com.qa.TestCases.LoginPageTest" name="validateLogoTest" time="10.688"/>
  <system-out/>
  <testcase classname="com.qa.TestCases.LoginPageTest" name="loginTest" time="14.706"/>
  <system-out/>
</testsuite> <!-- com.qa.TestCases.LoginPageTest -->
