<?xml version="1.0" encoding="UTF-8"?>
<!-- Generated by org.testng.reporters.JUnitReportReporter -->
<testsuite hostname="TTLAPTOP1061" failures="0" tests="1" name="com.qa.TestCases.MyItemsTest" time="16.159" errors="0" timestamp="2020-07-15T00:07:38 IST" skipped="0">
  <testcase classname="com.qa.TestCases.MyItemsTest" name="verifyURL" time="16.159"/>
  <system-out/>
</testsuite> <!-- com.qa.TestCases.MyItemsTest -->
