<?xml version="1.0" encoding="UTF-8"?>
<!-- Generated by org.testng.reporters.JUnitReportReporter -->
<testsuite hostname="TTLAPTOP1061" failures="0" tests="3" name="com.qa.TestCases.LoginPageTest" time="34.739" errors="0" timestamp="2020-07-15T00:16:01 IST" skipped="0">
  <testcase classname="com.qa.TestCases.LoginPageTest" name="loginPageTitleTest" time="10.725"/>
  <system-out/>
  <testcase classname="com.qa.TestCases.LoginPageTest" name="validateLogoTest" time="9.998"/>
  <system-out/>
  <testcase classname="com.qa.TestCases.LoginPageTest" name="loginTest" time="14.016"/>
  <system-out/>
</testsuite> <!-- com.qa.TestCases.LoginPageTest -->
