<?xml version="1.0" encoding="UTF-8"?>
<!-- Generated by org.testng.reporters.JUnitReportReporter -->
<testsuite hostname="TTLAPTOP1061" failures="0" tests="1" name="com.TestCases.HomePageTest" time="0.024" errors="0" timestamp="2020-07-13T01:21:43 IST" skipped="0">
  <testcase classname="com.TestCases.HomePageTest" name="Test1" time="0.024"/>
  <system-out/>
</testsuite> <!-- com.TestCases.HomePageTest -->
